INFO main net.schmizz.sshj.common.SecurityUtils - BouncyCastle already registered as a JCE provider
  WARN main net.schmizz.sshj.DefaultConfig - Disabling high-strength ciphers: cipher strengths apparently limited by JCE policy
  INFO main net.schmizz.sshj.transport.TransportImpl - Client identity string: SSH-2.0-SSHJ_0_9_0
  INFO main net.schmizz.sshj.transport.TransportImpl - Server identity string: SSH-2.0-OpenSSH_5.9p1 Debian-5ubuntu1
  INFO main org.gears.connection.SSHConnection - [/192.168.2.102] - apt-get update
  INFO main net.schmizz.sshj.connection.channel.direct.SessionChannel - Will request to exec `apt-get update`
  INFO main org.gears.connection.SSHConnection - Ign http://us.archive.ubuntu.com precise InRelease
  INFO main org.gears.connection.SSHConnection - Ign http://us.archive.ubuntu.com precise-updates InRelease
  INFO main org.gears.connection.SSHConnection - Ign http://us.archive.ubuntu.com precise-backports InRelease
  INFO main org.gears.connection.SSHConnection - Ign http://security.ubuntu.com precise-security InRelease
  INFO main org.gears.connection.SSHConnection - Hit http://security.ubuntu.com precise-security Release.gpg
  INFO main org.gears.connection.SSHConnection - Hit http://security.ubuntu.com precise-security Release
  INFO main org.gears.connection.SSHConnection - Hit http://security.ubuntu.com precise-security/main Sources
  INFO main org.gears.connection.SSHConnection - Hit http://us.archive.ubuntu.com precise Release.gpg
  INFO main org.gears.connection.SSHConnection - Hit http://security.ubuntu.com precise-security/restricted Sources
  INFO main org.gears.connection.SSHConnection - Hit http://security.ubuntu.com precise-security/universe Sources
  INFO main org.gears.connection.SSHConnection - Hit http://security.ubuntu.com precise-security/multiverse Sources
  INFO main org.gears.connection.SSHConnection - Get:1 http://us.archive.ubuntu.com precise-updates Release.gpg [198 B]
  INFO main org.gears.connection.SSHConnection - Hit http://security.ubuntu.com precise-security/main amd64 Packages
  INFO main org.gears.connection.SSHConnection - Hit http://security.ubuntu.com precise-security/restricted amd64 Packages
  INFO main org.gears.connection.SSHConnection - Hit http://security.ubuntu.com precise-security/universe amd64 Packages
  INFO main org.gears.connection.SSHConnection - Hit http://security.ubuntu.com precise-security/multiverse amd64 Packages
  INFO main org.gears.connection.SSHConnection - Hit http://security.ubuntu.com precise-security/main i386 Packages
  INFO main org.gears.connection.SSHConnection - Hit http://security.ubuntu.com precise-security/restricted i386 Packages
  INFO main org.gears.connection.SSHConnection - Hit http://security.ubuntu.com precise-security/universe i386 Packages
  INFO main org.gears.connection.SSHConnection - Hit http://security.ubuntu.com precise-security/multiverse i386 Packages
  INFO main org.gears.connection.SSHConnection - Hit http://us.archive.ubuntu.com precise-backports Release.gpg
  INFO main org.gears.connection.SSHConnection - Hit http://us.archive.ubuntu.com precise Release
  INFO main org.gears.connection.SSHConnection - Hit http://security.ubuntu.com precise-security/main TranslationIndex
  INFO main org.gears.connection.SSHConnection - Get:2 http://us.archive.ubuntu.com precise-updates Release [49.6 kB]
  INFO main org.gears.connection.SSHConnection - Hit http://security.ubuntu.com precise-security/multiverse TranslationIndex
  INFO main org.gears.connection.SSHConnection - Hit http://security.ubuntu.com precise-security/restricted TranslationIndex
  INFO main org.gears.connection.SSHConnection - Hit http://us.archive.ubuntu.com precise-backports Release
  INFO main org.gears.connection.SSHConnection - Hit http://us.archive.ubuntu.com precise/main Sources
  INFO main org.gears.connection.SSHConnection - Hit http://security.ubuntu.com precise-security/universe TranslationIndex
  INFO main org.gears.connection.SSHConnection - Hit http://us.archive.ubuntu.com precise/restricted Sources
  INFO main org.gears.connection.SSHConnection - Hit http://us.archive.ubuntu.com precise/universe Sources
  INFO main org.gears.connection.SSHConnection - Hit http://security.ubuntu.com precise-security/main Translation-en
  INFO main org.gears.connection.SSHConnection - Hit http://us.archive.ubuntu.com precise/multiverse Sources
  INFO main org.gears.connection.SSHConnection - Hit http://us.archive.ubuntu.com precise/main amd64 Packages
  INFO main org.gears.connection.SSHConnection - Hit http://security.ubuntu.com precise-security/multiverse Translation-en
  INFO main org.gears.connection.SSHConnection - Hit http://us.archive.ubuntu.com precise/restricted amd64 Packages
  INFO main org.gears.connection.SSHConnection - Hit http://security.ubuntu.com precise-security/restricted Translation-en
  INFO main org.gears.connection.SSHConnection - Hit http://security.ubuntu.com precise-security/universe Translation-en
  INFO main org.gears.connection.SSHConnection - Hit http://us.archive.ubuntu.com precise/universe amd64 Packages
  INFO main org.gears.connection.SSHConnection - Hit http://us.archive.ubuntu.com precise/multiverse amd64 Packages
  INFO main org.gears.connection.SSHConnection - Hit http://us.archive.ubuntu.com precise/main i386 Packages
  INFO main org.gears.connection.SSHConnection - Hit http://us.archive.ubuntu.com precise/restricted i386 Packages
  INFO main org.gears.connection.SSHConnection - Hit http://us.archive.ubuntu.com precise/universe i386 Packages
  INFO main org.gears.connection.SSHConnection - Hit http://us.archive.ubuntu.com precise/multiverse i386 Packages
  INFO main org.gears.connection.SSHConnection - Hit http://us.archive.ubuntu.com precise/main TranslationIndex
  INFO main org.gears.connection.SSHConnection - Hit http://us.archive.ubuntu.com precise/multiverse TranslationIndex
  INFO main org.gears.connection.SSHConnection - Hit http://us.archive.ubuntu.com precise/restricted TranslationIndex
  INFO main org.gears.connection.SSHConnection - Hit http://us.archive.ubuntu.com precise/universe TranslationIndex
  INFO main org.gears.connection.SSHConnection - Get:3 http://us.archive.ubuntu.com precise-updates/main Sources [428 kB]
  INFO main org.gears.connection.SSHConnection - Get:4 http://us.archive.ubuntu.com precise-updates/restricted Sources [7,006 B]
  INFO main org.gears.connection.SSHConnection - Get:5 http://us.archive.ubuntu.com precise-updates/universe Sources [101 kB]
  INFO main org.gears.connection.SSHConnection - Get:6 http://us.archive.ubuntu.com precise-updates/multiverse Sources [8,807 B]
  INFO main org.gears.connection.SSHConnection - Get:7 http://us.archive.ubuntu.com precise-updates/main amd64 Packages [715 kB]
  INFO main org.gears.connection.SSHConnection - Get:8 http://us.archive.ubuntu.com precise-updates/restricted amd64 Packages [11.5 kB]
  INFO main org.gears.connection.SSHConnection - Get:9 http://us.archive.ubuntu.com precise-updates/universe amd64 Packages [224 kB]
  INFO main org.gears.connection.SSHConnection - Get:10 http://us.archive.ubuntu.com precise-updates/multiverse amd64 Packages [14.2 kB]
  INFO main org.gears.connection.SSHConnection - Get:11 http://us.archive.ubuntu.com precise-updates/main i386 Packages [737 kB]
  INFO main org.gears.connection.SSHConnection - Get:12 http://us.archive.ubuntu.com precise-updates/restricted i386 Packages [11.4 kB]
  INFO main org.gears.connection.SSHConnection - Get:13 http://us.archive.ubuntu.com precise-updates/universe i386 Packages [229 kB]
  INFO main org.gears.connection.SSHConnection - Get:14 http://us.archive.ubuntu.com precise-updates/multiverse i386 Packages [14.4 kB]
  INFO main org.gears.connection.SSHConnection - Hit http://us.archive.ubuntu.com precise-updates/main TranslationIndex
  INFO main org.gears.connection.SSHConnection - Hit http://us.archive.ubuntu.com precise-updates/multiverse TranslationIndex
  INFO main org.gears.connection.SSHConnection - Hit http://us.archive.ubuntu.com precise-updates/restricted TranslationIndex
  INFO main org.gears.connection.SSHConnection - Hit http://us.archive.ubuntu.com precise-updates/universe TranslationIndex
  INFO main org.gears.connection.SSHConnection - Hit http://us.archive.ubuntu.com precise-backports/main Sources
  INFO main org.gears.connection.SSHConnection - Hit http://us.archive.ubuntu.com precise-backports/restricted Sources
  INFO main org.gears.connection.SSHConnection - Hit http://us.archive.ubuntu.com precise-backports/universe Sources
  INFO main org.gears.connection.SSHConnection - Hit http://us.archive.ubuntu.com precise-backports/multiverse Sources
  INFO main org.gears.connection.SSHConnection - Hit http://us.archive.ubuntu.com precise-backports/main amd64 Packages
  INFO main org.gears.connection.SSHConnection - Hit http://us.archive.ubuntu.com precise-backports/restricted amd64 Packages
  INFO main org.gears.connection.SSHConnection - Hit http://us.archive.ubuntu.com precise-backports/universe amd64 Packages
  INFO main org.gears.connection.SSHConnection - Hit http://us.archive.ubuntu.com precise-backports/multiverse amd64 Packages
  INFO main org.gears.connection.SSHConnection - Hit http://us.archive.ubuntu.com precise-backports/main i386 Packages
  INFO main org.gears.connection.SSHConnection - Hit http://us.archive.ubuntu.com precise-backports/restricted i386 Packages
  INFO main org.gears.connection.SSHConnection - Hit http://us.archive.ubuntu.com precise-backports/universe i386 Packages
  INFO main org.gears.connection.SSHConnection - Hit http://us.archive.ubuntu.com precise-backports/multiverse i386 Packages
  INFO main org.gears.connection.SSHConnection - Hit http://us.archive.ubuntu.com precise-backports/main TranslationIndex
  INFO main org.gears.connection.SSHConnection - Hit http://us.archive.ubuntu.com precise-backports/multiverse TranslationIndex
  INFO main org.gears.connection.SSHConnection - Hit http://us.archive.ubuntu.com precise-backports/restricted TranslationIndex
  INFO main org.gears.connection.SSHConnection - Hit http://us.archive.ubuntu.com precise-backports/universe TranslationIndex
  INFO main org.gears.connection.SSHConnection - Hit http://us.archive.ubuntu.com precise/main Translation-en
  INFO main org.gears.connection.SSHConnection - Hit http://us.archive.ubuntu.com precise/multiverse Translation-en
  INFO main org.gears.connection.SSHConnection - Hit http://us.archive.ubuntu.com precise/restricted Translation-en
  INFO main org.gears.connection.SSHConnection - Hit http://us.archive.ubuntu.com precise/universe Translation-en
  INFO main org.gears.connection.SSHConnection - Hit http://us.archive.ubuntu.com precise-updates/main Translation-en
  INFO main org.gears.connection.SSHConnection - Hit http://us.archive.ubuntu.com precise-updates/multiverse Translation-en
  INFO main org.gears.connection.SSHConnection - Hit http://us.archive.ubuntu.com precise-updates/restricted Translation-en
  INFO main org.gears.connection.SSHConnection - Hit http://us.archive.ubuntu.com precise-updates/universe Translation-en
  INFO main org.gears.connection.SSHConnection - Hit http://us.archive.ubuntu.com precise-backports/main Translation-en
  INFO main org.gears.connection.SSHConnection - Hit http://us.archive.ubuntu.com precise-backports/multiverse Translation-en
  INFO main org.gears.connection.SSHConnection - Hit http://us.archive.ubuntu.com precise-backports/restricted Translation-en
  INFO main org.gears.connection.SSHConnection - Hit http://us.archive.ubuntu.com precise-backports/universe Translation-en
  INFO main org.gears.connection.SSHConnection - Fetched 2,551 kB in 12s (211 kB/s)
  INFO main org.gears.connection.SSHConnection - Reading package lists...
  INFO main org.gears.connection.SSHConnection - Success Exit Status (0) from the following command apt-get update
  INFO main org.gears.connection.SSHConnection - Closed Session
  INFO main org.gears.connection.SSHConnection - [/192.168.2.102] - echo mysql-server-5.5 mysql-server/root_password password mypass | debconf-set-selections
  INFO main net.schmizz.sshj.connection.channel.direct.SessionChannel - Will request to exec `echo mysql-server-5.5 mysql-server/root_password password mypass | debconf-set-selections`
  INFO main org.gears.connection.SSHConnection - Success Exit Status (0) from the following command echo mysql-server-5.5 mysql-server/root_password password mypass | debconf-set-selections
  INFO main org.gears.connection.SSHConnection - Closed Session
  INFO main org.gears.connection.SSHConnection - [/192.168.2.102] - echo mysql-server-5.5 mysql-server/root_password_again password mypass | debconf-set-selections
  INFO main net.schmizz.sshj.connection.channel.direct.SessionChannel - Will request to exec `echo mysql-server-5.5 mysql-server/root_password_again password mypass | debconf-set-selections`
  INFO main org.gears.connection.SSHConnection - Success Exit Status (0) from the following command echo mysql-server-5.5 mysql-server/root_password_again password mypass | debconf-set-selections
  INFO main org.gears.connection.SSHConnection - Closed Session
  INFO main org.gears.connection.SSHConnection - [/192.168.2.102] - apt-get -y install mysql-server php5-mysql php5 php5-mcrypt
  INFO main net.schmizz.sshj.connection.channel.direct.SessionChannel - Will request to exec `apt-get -y install mysql-server php5-mysql php5 php5-mcrypt`
  INFO main org.gears.connection.SSHConnection - Reading package lists...
  INFO main org.gears.connection.SSHConnection - Building dependency tree...
  INFO main org.gears.connection.SSHConnection - Reading state information...
  INFO main org.gears.connection.SSHConnection - php5-mcrypt is already the newest version.
  INFO main org.gears.connection.SSHConnection - mysql-server is already the newest version.
  INFO main org.gears.connection.SSHConnection - php5 is already the newest version.
  INFO main org.gears.connection.SSHConnection - php5-mysql is already the newest version.
  INFO main org.gears.connection.SSHConnection - 0 upgraded, 0 newly installed, 0 to remove and 152 not upgraded.
  INFO main org.gears.connection.SSHConnection - Success Exit Status (0) from the following command apt-get -y install mysql-server php5-mysql php5 php5-mcrypt
  INFO main org.gears.connection.SSHConnection - Closed Session
  INFO main org.gears.template.Templaton - MySQL
  INFO main org.gears.connection.SSHConnection - [/192.168.2.102] - mkdir -p /etc/mysql
  INFO main net.schmizz.sshj.connection.channel.direct.SessionChannel - Will request to exec `mkdir -p /etc/mysql`
  INFO main org.gears.connection.SSHConnection - Success Exit Status (0) from the following command mkdir -p /etc/mysql
  INFO main org.gears.connection.SSHConnection - Closed Session
  INFO main org.gears.connection.SSHConnection - [/192.168.2.102] - echo -e "# Generated by Gears
# The MySQL database server configuration file.
#
# You can copy this to one of:
# - \"/etc/mysql/my.cnf\" to set global options,
# - \"~/.my.cnf\" to set user-specific options.
# 
# One can use all long options that the program supports.
# Run program with --help to get a list of available options and with
# --print-defaults to see which it would actually understand and use.
#
# For explanations see
# http://dev.mysql.com/doc/mysql/en/server-system-variables.html

# This will be passed to all mysql clients
# It has been reported that passwords should be enclosed with ticks/quotes
# escpecially if they contain \"#\" chars...
# Remember to edit /etc/mysql/debian.cnf when changing the socket location.
[client]
port		= 3306
socket		= /var/run/mysqld/mysqld.sock

# Here is entries for some specific programs
# The following values assume you have at least 32M ram

# This was formally known as [safe_mysqld]. Both versions are currently parsed.
[mysqld_safe]
socket		= /var/run/mysqld/mysqld.sock
nice		= 0

[mysqld]
#
# * Basic Settings
#
user		= mysql
pid-file	= /var/run/mysqld/mysqld.pid
socket		= /var/run/mysqld/mysqld.sock
port		= 3306
basedir		= /usr
datadir		= /var/lib/mysql
tmpdir		= /tmp
lc-messages-dir	= /usr/share/mysql
skip-external-locking
#
# Instead of skip-networking the default is now to listen only on
# localhost which is more compatible and is not less secure.
#bind-address		= 192.168.2.102
#
# * Fine Tuning
#
key_buffer		= 16M
max_allowed_packet	= 16M
thread_stack		= 192K
thread_cache_size       = 8
# This replaces the startup script and checks MyISAM tables if needed
# the first time they are touched
myisam-recover         = BACKUP
#max_connections        = 100
#table_cache            = 64
#thread_concurrency     = 10
#
# * Query Cache Configuration
#
query_cache_limit	= 1M
query_cache_size        = 16M
#
# * Logging and Replication
#
# Both location gets rotated by the cronjob.
# Be aware that this log type is a performance killer.
# As of 5.1 you can enable the log at runtime!
#general_log_file        = /var/log/mysql/mysql.log
#general_log             = 1
#
# Error log - should be very few entries.
#
log_error = /var/log/mysql/error.log
#
# Here you can see queries with especially long duration
#log_slow_queries	= /var/log/mysql/mysql-slow.log
#long_query_time = 2
#log-queries-not-using-indexes
#
# The following can be used as easy to replay backup logs or for replication.
# note: if you are setting up a replication slave, see README.Debian about
#       other settings you may need to change.
#server-id		= 1
#log_bin			= /var/log/mysql/mysql-bin.log
expire_logs_days	= 10
max_binlog_size         = 100M
#binlog_do_db		= include_database_name
#binlog_ignore_db	= include_database_name
#
# * InnoDB
#
# InnoDB is enabled by default with a 10MB datafile in /var/lib/mysql/.
# Read the manual for more InnoDB related options. There are many!
#
# * Security Features
#
# Read the manual, too, if you want chroot!
# chroot = /var/lib/mysql/
#
# For generating SSL certificates I recommend the OpenSSL GUI \"tinyca\".
#
# ssl-ca=/etc/mysql/cacert.pem
# ssl-cert=/etc/mysql/server-cert.pem
# ssl-key=/etc/mysql/server-key.pem



[mysqldump]
quick
quote-names
max_allowed_packet	= 16M

[mysql]
#no-auto-rehash	# faster start of mysql but no tab completition

[isamchk]
key_buffer		= 16M

#
# * IMPORTANT: Additional settings that can override those from this file!
#   The files must end with '.cnf', otherwise they'll be ignored.
#
!includedir /etc/mysql/conf.d/" > /etc/mysql/my.cnf
  INFO main net.schmizz.sshj.connection.channel.direct.SessionChannel - Will request to exec `echo -e "# Generated by Gears
# The MySQL database server configuration file.
#
# You can copy this to one of:
# - \"/etc/mysql/my.cnf\" to set global options,
# - \"~/.my.cnf\" to set user-specific options.
# 
# One can use all long options that the program supports.
# Run program with --help to get a list of available options and with
# --print-defaults to see which it would actually understand and use.
#
# For explanations see
# http://dev.mysql.com/doc/mysql/en/server-system-variables.html

# This will be passed to all mysql clients
# It has been reported that passwords should be enclosed with ticks/quotes
# escpecially if they contain \"#\" chars...
# Remember to edit /etc/mysql/debian.cnf when changing the socket location.
[client]
port		= 3306
socket		= /var/run/mysqld/mysqld.sock

# Here is entries for some specific programs
# The following values assume you have at least 32M ram

# This was formally known as [safe_mysqld]. Both versions are currently parsed.
[mysqld_safe]
socket		= /var/run/mysqld/mysqld.sock
nice		= 0

[mysqld]
#
# * Basic Settings
#
user		= mysql
pid-file	= /var/run/mysqld/mysqld.pid
socket		= /var/run/mysqld/mysqld.sock
port		= 3306
basedir		= /usr
datadir		= /var/lib/mysql
tmpdir		= /tmp
lc-messages-dir	= /usr/share/mysql
skip-external-locking
#
# Instead of skip-networking the default is now to listen only on
# localhost which is more compatible and is not less secure.
#bind-address		= 192.168.2.102
#
# * Fine Tuning
#
key_buffer		= 16M
max_allowed_packet	= 16M
thread_stack		= 192K
thread_cache_size       = 8
# This replaces the startup script and checks MyISAM tables if needed
# the first time they are touched
myisam-recover         = BACKUP
#max_connections        = 100
#table_cache            = 64
#thread_concurrency     = 10
#
# * Query Cache Configuration
#
query_cache_limit	= 1M
query_cache_size        = 16M
#
# * Logging and Replication
#
# Both location gets rotated by the cronjob.
# Be aware that this log type is a performance killer.
# As of 5.1 you can enable the log at runtime!
#general_log_file        = /var/log/mysql/mysql.log
#general_log             = 1
#
# Error log - should be very few entries.
#
log_error = /var/log/mysql/error.log
#
# Here you can see queries with especially long duration
#log_slow_queries	= /var/log/mysql/mysql-slow.log
#long_query_time = 2
#log-queries-not-using-indexes
#
# The following can be used as easy to replay backup logs or for replication.
# note: if you are setting up a replication slave, see README.Debian about
#       other settings you may need to change.
#server-id		= 1
#log_bin			= /var/log/mysql/mysql-bin.log
expire_logs_days	= 10
max_binlog_size         = 100M
#binlog_do_db		= include_database_name
#binlog_ignore_db	= include_database_name
#
# * InnoDB
#
# InnoDB is enabled by default with a 10MB datafile in /var/lib/mysql/.
# Read the manual for more InnoDB related options. There are many!
#
# * Security Features
#
# Read the manual, too, if you want chroot!
# chroot = /var/lib/mysql/
#
# For generating SSL certificates I recommend the OpenSSL GUI \"tinyca\".
#
# ssl-ca=/etc/mysql/cacert.pem
# ssl-cert=/etc/mysql/server-cert.pem
# ssl-key=/etc/mysql/server-key.pem



[mysqldump]
quick
quote-names
max_allowed_packet	= 16M

[mysql]
#no-auto-rehash	# faster start of mysql but no tab completition

[isamchk]
key_buffer		= 16M

#
# * IMPORTANT: Additional settings that can override those from this file!
#   The files must end with '.cnf', otherwise they'll be ignored.
#
!includedir /etc/mysql/conf.d/" > /etc/mysql/my.cnf`
  INFO main org.gears.connection.SSHConnection - Success Exit Status (0) from the following command echo -e "# Generated by Gears
# The MySQL database server configuration file.
#
# You can copy this to one of:
# - \"/etc/mysql/my.cnf\" to set global options,
# - \"~/.my.cnf\" to set user-specific options.
# 
# One can use all long options that the program supports.
# Run program with --help to get a list of available options and with
# --print-defaults to see which it would actually understand and use.
#
# For explanations see
# http://dev.mysql.com/doc/mysql/en/server-system-variables.html

# This will be passed to all mysql clients
# It has been reported that passwords should be enclosed with ticks/quotes
# escpecially if they contain \"#\" chars...
# Remember to edit /etc/mysql/debian.cnf when changing the socket location.
[client]
port		= 3306
socket		= /var/run/mysqld/mysqld.sock

# Here is entries for some specific programs
# The following values assume you have at least 32M ram

# This was formally known as [safe_mysqld]. Both versions are currently parsed.
[mysqld_safe]
socket		= /var/run/mysqld/mysqld.sock
nice		= 0

[mysqld]
#
# * Basic Settings
#
user		= mysql
pid-file	= /var/run/mysqld/mysqld.pid
socket		= /var/run/mysqld/mysqld.sock
port		= 3306
basedir		= /usr
datadir		= /var/lib/mysql
tmpdir		= /tmp
lc-messages-dir	= /usr/share/mysql
skip-external-locking
#
# Instead of skip-networking the default is now to listen only on
# localhost which is more compatible and is not less secure.
#bind-address		= 192.168.2.102
#
# * Fine Tuning
#
key_buffer		= 16M
max_allowed_packet	= 16M
thread_stack		= 192K
thread_cache_size       = 8
# This replaces the startup script and checks MyISAM tables if needed
# the first time they are touched
myisam-recover         = BACKUP
#max_connections        = 100
#table_cache            = 64
#thread_concurrency     = 10
#
# * Query Cache Configuration
#
query_cache_limit	= 1M
query_cache_size        = 16M
#
# * Logging and Replication
#
# Both location gets rotated by the cronjob.
# Be aware that this log type is a performance killer.
# As of 5.1 you can enable the log at runtime!
#general_log_file        = /var/log/mysql/mysql.log
#general_log             = 1
#
# Error log - should be very few entries.
#
log_error = /var/log/mysql/error.log
#
# Here you can see queries with especially long duration
#log_slow_queries	= /var/log/mysql/mysql-slow.log
#long_query_time = 2
#log-queries-not-using-indexes
#
# The following can be used as easy to replay backup logs or for replication.
# note: if you are setting up a replication slave, see README.Debian about
#       other settings you may need to change.
#server-id		= 1
#log_bin			= /var/log/mysql/mysql-bin.log
expire_logs_days	= 10
max_binlog_size         = 100M
#binlog_do_db		= include_database_name
#binlog_ignore_db	= include_database_name
#
# * InnoDB
#
# InnoDB is enabled by default with a 10MB datafile in /var/lib/mysql/.
# Read the manual for more InnoDB related options. There are many!
#
# * Security Features
#
# Read the manual, too, if you want chroot!
# chroot = /var/lib/mysql/
#
# For generating SSL certificates I recommend the OpenSSL GUI \"tinyca\".
#
# ssl-ca=/etc/mysql/cacert.pem
# ssl-cert=/etc/mysql/server-cert.pem
# ssl-key=/etc/mysql/server-key.pem



[mysqldump]
quick
quote-names
max_allowed_packet	= 16M

[mysql]
#no-auto-rehash	# faster start of mysql but no tab completition

[isamchk]
key_buffer		= 16M

#
# * IMPORTANT: Additional settings that can override those from this file!
#   The files must end with '.cnf', otherwise they'll be ignored.
#
!includedir /etc/mysql/conf.d/" > /etc/mysql/my.cnf
  INFO main org.gears.connection.SSHConnection - Closed Session
  INFO main org.gears.connection.SSHConnection - [/192.168.2.102] - mysql -u root --password='mypass' -e "GRANT ALL PRIVILEGES ON *.* TO 'root'@'192.168.2.%' IDENTIFIED BY 'mypass' WITH GRANT OPTION; FLUSH PRIVILEGES;"
  INFO main net.schmizz.sshj.connection.channel.direct.SessionChannel - Will request to exec `mysql -u root --password='mypass' -e "GRANT ALL PRIVILEGES ON *.* TO 'root'@'192.168.2.%' IDENTIFIED BY 'mypass' WITH GRANT OPTION; FLUSH PRIVILEGES;"`
  INFO main org.gears.connection.SSHConnection - Success Exit Status (0) from the following command mysql -u root --password='mypass' -e "GRANT ALL PRIVILEGES ON *.* TO 'root'@'192.168.2.%' IDENTIFIED BY 'mypass' WITH GRANT OPTION; FLUSH PRIVILEGES;"
  INFO main org.gears.connection.SSHConnection - Closed Session
  INFO main org.gears.connection.SSHConnection - [/192.168.2.102] - mysql -u root --password='mypass' -e "GRANT ALL PRIVILEGES ON *.* TO 'root'@'nod%' IDENTIFIED BY 'mypass' WITH GRANT OPTION; FLUSH PRIVILEGES;"
  INFO main net.schmizz.sshj.connection.channel.direct.SessionChannel - Will request to exec `mysql -u root --password='mypass' -e "GRANT ALL PRIVILEGES ON *.* TO 'root'@'nod%' IDENTIFIED BY 'mypass' WITH GRANT OPTION; FLUSH PRIVILEGES;"`
  INFO main org.gears.connection.SSHConnection - Success Exit Status (0) from the following command mysql -u root --password='mypass' -e "GRANT ALL PRIVILEGES ON *.* TO 'root'@'nod%' IDENTIFIED BY 'mypass' WITH GRANT OPTION; FLUSH PRIVILEGES;"
  INFO main org.gears.connection.SSHConnection - Closed Session
  INFO main org.gears.connection.SSHConnection - [/192.168.2.102] - /sbin/iptables -A INPUT -i eth0 -p tcp --destination-port 3306 -j ACCEPT
  INFO main net.schmizz.sshj.connection.channel.direct.SessionChannel - Will request to exec `/sbin/iptables -A INPUT -i eth0 -p tcp --destination-port 3306 -j ACCEPT`
  INFO main org.gears.connection.SSHConnection - Success Exit Status (0) from the following command /sbin/iptables -A INPUT -i eth0 -p tcp --destination-port 3306 -j ACCEPT
  INFO main org.gears.connection.SSHConnection - Closed Session
  INFO main org.gears.connection.SSHConnection - [/192.168.2.102] - service mysql restart
  INFO main net.schmizz.sshj.connection.channel.direct.SessionChannel - Will request to exec `service mysql restart`
  INFO main org.gears.connection.SSHConnection - mysql stop/waiting
  INFO main org.gears.connection.SSHConnection - mysql start/running, process 8540
  INFO main org.gears.connection.SSHConnection - Success Exit Status (0) from the following command service mysql restart
  INFO main org.gears.connection.SSHConnection - Closed Session
  INFO Thread-0 java.lang.Class - Shutting down...
  INFO Thread-0 net.schmizz.sshj.transport.TransportImpl - Disconnected - BY_APPLICATION
  INFO Thread-0 java.lang.Class - Done!
  